ProductCreatedConsumer is running...
ProductCreatedConsumer is running...
ProductCreatedConsumer is running...
ProductCreatedConsumer is running...
ProductCreatedConsumer is running...
ProductCreatedConsumer is running...
ProductCreatedConsumer is running...
ProductCreatedConsumer is running...
ProductCreatedConsumer is running...
ProductCreatedConsumer is running...
ProductCreatedConsumer is running...
ProductCreatedConsumer is running...
ProductCreatedConsumer is running...
ProductCreatedConsumer is running...
ProductCreatedConsumer is running...

   UnexpectedValueException 

  The stream or file "/var/www/order/storage/logs/laravel.log" could not be opened in append mode: Failed to open stream: Permission denied
The exception occurred while attempting to log: stream_socket_client(): Unable to connect to tcp://rabbitmq:5672 (Connection refused)
Context: {"exception":{}}


  at vendor/monolog/monolog/src/Monolog/Handler/StreamHandler.php:156

   UnexpectedValueException 

  The stream or file "/var/www/order/storage/logs/laravel.log" could not be opened in append mode: Failed to open stream: Permission denied
The exception occurred while attempting to log: stream_socket_client(): Unable to connect to tcp://rabbitmq:5672 (Connection refused)
Context: {"exception":{}}

   UnexpectedValueException 

  The stream or file "/var/www/order/storage/logs/laravel.log" could not be opened in append mode: Failed to open stream: Permission denied
The exception occurred while attempting to log: stream_socket_client(): Unable to connect to tcp://rabbitmq:5672 (Connection refused)
Context: {"exception":{}}


  at vendor/monolog/monolog/src/Monolog/Handler/StreamHandler.php:156
   UnexpectedValueException 

  The stream or file "/var/www/order/storage/logs/laravel.log" could not be opened in append mode: Failed to open stream: Permission denied
The exception occurred while attempting to log: stream_socket_client(): Unable to connect to tcp://rabbitmq:5672 (Connection refused)
Context: {"exception":{}}

  at vendor/monolog/monolog/src/Monolog/Handler/StreamHandler.php:156
    152▕             }
    153▕             if (!\is_resource($stream)) {
    154▕                 $this->stream = null;
    155▕ 
  ➜ 156▕                 throw new \UnexpectedValueException(sprintf('The stream or file "%s" could not be opened in append mode: '.$this->errorMessage, $url) . Utils::getRecordMessageForException($record));
    157▕             }
    158▕             stream_set_chunk_size($stream, $this->streamChunkSize);
    159▕             $this->stream = $stream;
    160▕         }

      [2m+12 vendor frames [22m

  at vendor/monolog/monolog/src/Monolog/Handler/StreamHandler.php:156
    152▕             }
    153▕             if (!\is_resource($stream)) {
    154▕                 $this->stream = null;
    155▕ 
  ➜ 156▕                 throw new \UnexpectedValueException(sprintf('The stream or file "%s" could not be opened in append mode: '.$this->errorMessage, $url) . Utils::getRecordMessageForException($record));
    157▕             }
    158▕             stream_set_chunk_size($stream, $this->streamChunkSize);
    159▕             $this->stream = $stream;
    160▕         }

      [2m+12 vendor frames [22m

  13  artisan:16
      Illuminate\Foundation\Application::handleCommand(Object(Symfony\Component\Console\Input\ArgvInput))

  13  artisan:16
      Illuminate\Foundation\Application::handleCommand(Object(Symfony\Component\Console\Input\ArgvInput))

    152▕             }
    153▕             if (!\is_resource($stream)) {
    154▕                 $this->stream = null;
    155▕ 
  ➜ 156▕                 throw new \UnexpectedValueException(sprintf('The stream or file "%s" could not be opened in append mode: '.$this->errorMessage, $url) . Utils::getRecordMessageForException($record));
    157▕             }
    158▕             stream_set_chunk_size($stream, $this->streamChunkSize);
    159▕             $this->stream = $stream;
    160▕         }

      [2m+12 vendor frames [22m

    152▕             }
    153▕             if (!\is_resource($stream)) {
    154▕                 $this->stream = null;
    155▕ 
  ➜ 156▕                 throw new \UnexpectedValueException(sprintf('The stream or file "%s" could not be opened in append mode: '.$this->errorMessage, $url) . Utils::getRecordMessageForException($record));
    157▕             }
    158▕             stream_set_chunk_size($stream, $this->streamChunkSize);
    159▕             $this->stream = $stream;
    160▕         }

      [2m+12 vendor frames [22m

  13  artisan:16
      Illuminate\Foundation\Application::handleCommand(Object(Symfony\Component\Console\Input\ArgvInput))

  13  artisan:16
      Illuminate\Foundation\Application::handleCommand(Object(Symfony\Component\Console\Input\ArgvInput))

ProductCreatedConsumer is running...
ProductCreatedConsumer is running...
ProductCreatedConsumer is running...

   UnexpectedValueException 

  The stream or file "/var/www/order/storage/logs/laravel.log" could not be opened in append mode: Failed to open stream: Permission denied
The exception occurred while attempting to log: stream_socket_client(): Unable to connect to tcp://rabbitmq:5672 (Connection refused)
Context: {"exception":{}}

  at vendor/monolog/monolog/src/Monolog/Handler/StreamHandler.php:156
    152▕             }
    153▕             if (!\is_resource($stream)) {
    154▕                 $this->stream = null;
    155▕ 
  ➜ 156▕                 throw new \UnexpectedValueException(sprintf('The stream or file "%s" could not be opened in append mode: '.$this->errorMessage, $url) . Utils::getRecordMessageForException($record));
    157▕             }
    158▕             stream_set_chunk_size($stream, $this->streamChunkSize);
    159▕             $this->stream = $stream;
    160▕         }

      [2m+12 vendor frames [22m

  13  artisan:16
      Illuminate\Foundation\Application::handleCommand(Object(Symfony\Component\Console\Input\ArgvInput))


   UnexpectedValueException 

  The stream or file "/var/www/order/storage/logs/laravel.log" could not be opened in append mode: Failed to open stream: Permission denied
The exception occurred while attempting to log: stream_socket_client(): Unable to connect to tcp://rabbitmq:5672 (Connection refused)
Context: {"exception":{}}

  at vendor/monolog/monolog/src/Monolog/Handler/StreamHandler.php:156

   UnexpectedValueException 

  The stream or file "/var/www/order/storage/logs/laravel.log" could not be opened in append mode: Failed to open stream: Permission denied
The exception occurred while attempting to log: stream_socket_client(): Unable to connect to tcp://rabbitmq:5672 (Connection refused)
Context: {"exception":{}}

  at vendor/monolog/monolog/src/Monolog/Handler/StreamHandler.php:156
    152▕             }
    153▕             if (!\is_resource($stream)) {
    154▕                 $this->stream = null;
    155▕ 
  ➜ 156▕                 throw new \UnexpectedValueException(sprintf('The stream or file "%s" could not be opened in append mode: '.$this->errorMessage, $url) . Utils::getRecordMessageForException($record));
    157▕             }
    158▕             stream_set_chunk_size($stream, $this->streamChunkSize);
    159▕             $this->stream = $stream;
    160▕         }

      [2m+12 vendor frames [22m

  13  artisan:16
      Illuminate\Foundation\Application::handleCommand(Object(Symfony\Component\Console\Input\ArgvInput))

    152▕             }
    153▕             if (!\is_resource($stream)) {
    154▕                 $this->stream = null;
    155▕ 
  ➜ 156▕                 throw new \UnexpectedValueException(sprintf('The stream or file "%s" could not be opened in append mode: '.$this->errorMessage, $url) . Utils::getRecordMessageForException($record));
    157▕             }
    158▕             stream_set_chunk_size($stream, $this->streamChunkSize);
    159▕             $this->stream = $stream;
    160▕         }

      [2m+12 vendor frames [22m

  13  artisan:16
      Illuminate\Foundation\Application::handleCommand(Object(Symfony\Component\Console\Input\ArgvInput))

ProductCreatedConsumer is running...

   UnexpectedValueException 

  The stream or file "/var/www/order/storage/logs/laravel.log" could not be opened in append mode: Failed to open stream: Permission denied
The exception occurred while attempting to log: stream_socket_client(): Unable to connect to tcp://rabbitmq:5672 (Connection refused)
Context: {"exception":{}}

  at vendor/monolog/monolog/src/Monolog/Handler/StreamHandler.php:156
    152▕             }
    153▕             if (!\is_resource($stream)) {
    154▕                 $this->stream = null;
    155▕ 
  ➜ 156▕                 throw new \UnexpectedValueException(sprintf('The stream or file "%s" could not be opened in append mode: '.$this->errorMessage, $url) . Utils::getRecordMessageForException($record));
    157▕             }
    158▕             stream_set_chunk_size($stream, $this->streamChunkSize);
    159▕             $this->stream = $stream;
    160▕         }

      [2m+12 vendor frames [22m

  13  artisan:16
      Illuminate\Foundation\Application::handleCommand(Object(Symfony\Component\Console\Input\ArgvInput))

ProductCreatedConsumer is running...
ProductCreatedConsumer is running...
ProductCreatedConsumer is running...
ProductCreatedConsumer is running...

   UnexpectedValueException 

  The stream or file "/var/www/order/storage/logs/laravel.log" could not be opened in append mode: Failed to open stream: Permission denied
The exception occurred while attempting to log: stream_socket_client(): Unable to connect to tcp://rabbitmq:5672 (Connection refused)
Context: {"exception":{}}

  at vendor/monolog/monolog/src/Monolog/Handler/StreamHandler.php:156
    152▕             }
    153▕             if (!\is_resource($stream)) {
    154▕                 $this->stream = null;
    155▕ 
  ➜ 156▕                 throw new \UnexpectedValueException(sprintf('The stream or file "%s" could not be opened in append mode: '.$this->errorMessage, $url) . Utils::getRecordMessageForException($record));
    157▕             }
    158▕             stream_set_chunk_size($stream, $this->streamChunkSize);
    159▕             $this->stream = $stream;
    160▕         }

      [2m+12 vendor frames [22m

  13  artisan:16
      Illuminate\Foundation\Application::handleCommand(Object(Symfony\Component\Console\Input\ArgvInput))


   UnexpectedValueException 

  The stream or file "/var/www/order/storage/logs/laravel.log" could not be opened in append mode: Failed to open stream: Permission denied
The exception occurred while attempting to log: stream_socket_client(): Unable to connect to tcp://rabbitmq:5672 (Connection refused)
Context: {"exception":{}}

  at vendor/monolog/monolog/src/Monolog/Handler/StreamHandler.php:156
    152▕             }
    153▕             if (!\is_resource($stream)) {
    154▕                 $this->stream = null;
    155▕ 
  ➜ 156▕                 throw new \UnexpectedValueException(sprintf('The stream or file "%s" could not be opened in append mode: '.$this->errorMessage, $url) . Utils::getRecordMessageForException($record));
    157▕             }
    158▕             stream_set_chunk_size($stream, $this->streamChunkSize);
    159▕             $this->stream = $stream;
    160▕         }

      [2m+12 vendor frames [22m

  13  artisan:16
      Illuminate\Foundation\Application::handleCommand(Object(Symfony\Component\Console\Input\ArgvInput))


   UnexpectedValueException 

  The stream or file "/var/www/order/storage/logs/laravel.log" could not be opened in append mode: Failed to open stream: Permission denied
The exception occurred while attempting to log: stream_socket_client(): Unable to connect to tcp://rabbitmq:5672 (Connection refused)
Context: {"exception":{}}

  at vendor/monolog/monolog/src/Monolog/Handler/StreamHandler.php:156
    152▕             }
    153▕             if (!\is_resource($stream)) {
    154▕                 $this->stream = null;
    155▕ 
  ➜ 156▕                 throw new \UnexpectedValueException(sprintf('The stream or file "%s" could not be opened in append mode: '.$this->errorMessage, $url) . Utils::getRecordMessageForException($record));
    157▕             }
    158▕             stream_set_chunk_size($stream, $this->streamChunkSize);
    159▕             $this->stream = $stream;
    160▕         }

      [2m+12 vendor frames [22m

  13  artisan:16
      Illuminate\Foundation\Application::handleCommand(Object(Symfony\Component\Console\Input\ArgvInput))


   UnexpectedValueException 

  The stream or file "/var/www/order/storage/logs/laravel.log" could not be opened in append mode: Failed to open stream: Permission denied
The exception occurred while attempting to log: stream_socket_client(): Unable to connect to tcp://rabbitmq:5672 (Connection refused)
Context: {"exception":{}}

  at vendor/monolog/monolog/src/Monolog/Handler/StreamHandler.php:156
    152▕             }
    153▕             if (!\is_resource($stream)) {
    154▕                 $this->stream = null;
    155▕ 
  ➜ 156▕                 throw new \UnexpectedValueException(sprintf('The stream or file "%s" could not be opened in append mode: '.$this->errorMessage, $url) . Utils::getRecordMessageForException($record));
    157▕             }
    158▕             stream_set_chunk_size($stream, $this->streamChunkSize);
    159▕             $this->stream = $stream;
    160▕         }

      [2m+12 vendor frames [22m

  13  artisan:16
      Illuminate\Foundation\Application::handleCommand(Object(Symfony\Component\Console\Input\ArgvInput))

ProductCreatedConsumer is running...
ProductCreatedConsumer is running...
ProductCreatedConsumer is running...
ProductCreatedConsumer is running...

   UnexpectedValueException 

  The stream or file "/var/www/order/storage/logs/laravel.log" could not be opened in append mode: Failed to open stream: Permission denied
The exception occurred while attempting to log: stream_socket_client(): Unable to connect to tcp://rabbitmq:5672 (Connection refused)
Context: {"exception":{}}

  at vendor/monolog/monolog/src/Monolog/Handler/StreamHandler.php:156

   UnexpectedValueException 

  The stream or file "/var/www/order/storage/logs/laravel.log" could not be opened in append mode: Failed to open stream: Permission denied
The exception occurred while attempting to log: stream_socket_client(): Unable to connect to tcp://rabbitmq:5672 (Connection refused)
Context: {"exception":{}}

  at vendor/monolog/monolog/src/Monolog/Handler/StreamHandler.php:156

   UnexpectedValueException 

  The stream or file "/var/www/order/storage/logs/laravel.log" could not be opened in append mode: Failed to open stream: Permission denied
The exception occurred while attempting to log: stream_socket_client(): Unable to connect to tcp://rabbitmq:5672 (Connection refused)
Context: {"exception":{}}
    152▕             }
    153▕             if (!\is_resource($stream)) {
    154▕                 $this->stream = null;
    155▕ 
  ➜ 156▕                 throw new \UnexpectedValueException(sprintf('The stream or file "%s" could not be opened in append mode: '.$this->errorMessage, $url) . Utils::getRecordMessageForException($record));
    157▕             }
    158▕             stream_set_chunk_size($stream, $this->streamChunkSize);
    159▕             $this->stream = $stream;
    160▕         }


  at vendor/monolog/monolog/src/Monolog/Handler/StreamHandler.php:156
      [2m+12 vendor frames [22m

  13  artisan:16
      Illuminate\Foundation\Application::handleCommand(Object(Symfony\Component\Console\Input\ArgvInput))

    152▕             }
    153▕             if (!\is_resource($stream)) {
    154▕                 $this->stream = null;
    155▕ 
  ➜ 156▕                 throw new \UnexpectedValueException(sprintf('The stream or file "%s" could not be opened in append mode: '.$this->errorMessage, $url) . Utils::getRecordMessageForException($record));
    157▕             }
    158▕             stream_set_chunk_size($stream, $this->streamChunkSize);
    159▕             $this->stream = $stream;
    160▕         }

      [2m+12 vendor frames [22m

  13  artisan:16
      Illuminate\Foundation\Application::handleCommand(Object(Symfony\Component\Console\Input\ArgvInput))

    152▕             }
    153▕             if (!\is_resource($stream)) {
    154▕                 $this->stream = null;
    155▕ 
  ➜ 156▕                 throw new \UnexpectedValueException(sprintf('The stream or file "%s" could not be opened in append mode: '.$this->errorMessage, $url) . Utils::getRecordMessageForException($record));
    157▕             }
    158▕             stream_set_chunk_size($stream, $this->streamChunkSize);
    159▕             $this->stream = $stream;
    160▕         }

      [2m+12 vendor frames [22m

  13  artisan:16
      Illuminate\Foundation\Application::handleCommand(Object(Symfony\Component\Console\Input\ArgvInput))


   UnexpectedValueException 

  The stream or file "/var/www/order/storage/logs/laravel.log" could not be opened in append mode: Failed to open stream: Permission denied
The exception occurred while attempting to log: stream_socket_client(): Unable to connect to tcp://rabbitmq:5672 (Connection refused)
Context: {"exception":{}}

  at vendor/monolog/monolog/src/Monolog/Handler/StreamHandler.php:156
    152▕             }
    153▕             if (!\is_resource($stream)) {
    154▕                 $this->stream = null;
    155▕ 
  ➜ 156▕                 throw new \UnexpectedValueException(sprintf('The stream or file "%s" could not be opened in append mode: '.$this->errorMessage, $url) . Utils::getRecordMessageForException($record));
    157▕             }
    158▕             stream_set_chunk_size($stream, $this->streamChunkSize);
    159▕             $this->stream = $stream;
    160▕         }

      [2m+12 vendor frames [22m

  13  artisan:16
      Illuminate\Foundation\Application::handleCommand(Object(Symfony\Component\Console\Input\ArgvInput))


   ERROR  There are no commands defined in the "rabbit" namespace.  


   ERROR  There are no commands defined in the "rabbit" namespace.  


   ERROR  There are no commands defined in the "rabbit" namespace.  


   ERROR  There are no commands defined in the "rabbit" namespace.  


   ERROR  There are no commands defined in the "rabbit" namespace.  


   ERROR  There are no commands defined in the "rabbit" namespace.  


   ERROR  There are no commands defined in the "rabbit" namespace.  


   ERROR  There are no commands defined in the "rabbit" namespace.  


   ERROR  There are no commands defined in the "rabbit" namespace.  


   ERROR  There are no commands defined in the "rabbit" namespace.  


   ERROR  There are no commands defined in the "rabbit" namespace.  


   ERROR  There are no commands defined in the "rabbit" namespace.  


   ERROR  There are no commands defined in the "rabbit" namespace.  


   ERROR  There are no commands defined in the "rabbit" namespace.  


   ERROR  There are no commands defined in the "rabbit" namespace.  


   ERROR  There are no commands defined in the "rabbit" namespace.  


   ERROR  There are no commands defined in the "rabbit" namespace.  


   INFO  Starting server on 0.0.0.0:8080 (localhost).  


   ERROR  There are no commands defined in the "rabbit" namespace.  


   ERROR  There are no commands defined in the "rabbit" namespace.  


   ERROR  There are no commands defined in the "rabbit" namespace.  

   INFO  Gracefully terminating connections.  

ProductCreatedConsumer is running...

   INFO  Starting server on 0.0.0.0:8080 (localhost).  


   PhpAmqpLib\Exception\AMQPProtocolChannelException 

  PRECONDITION_FAILED - inequivalent arg 'type' for exchange 'amq.topic' in vhost '/': received 'fanout' but current is 'topic'

  at vendor/php-amqplib/php-amqplib/PhpAmqpLib/Channel/AMQPChannel.php:239
    235▕ 
    236▕         $this->send_method_frame(array(20, 41));
    237▕         $this->do_close();
    238▕ 
  ➜ 239▕         throw new AMQPProtocolChannelException($reply_code, $reply_text, array($class_id, $method_id));
    240▕     }
    241▕ 
    242▕     /**
    243▕      * Confirm a channel close

      [2m+7 vendor frames [22m

  8   app/Console/Commands/ProductCreatedConsumer.php:36
      Illuminate\Support\Facades\Facade::__callStatic("consume")
      [2m+13 vendor frames [22m

  22  artisan:16
      Illuminate\Foundation\Application::handleCommand(Object(Symfony\Component\Console\Input\ArgvInput))

ProductCreatedConsumer is running...

   PhpAmqpLib\Exception\AMQPProtocolChannelException 

  PRECONDITION_FAILED - inequivalent arg 'type' for exchange 'amq.topic' in vhost '/': received 'fanout' but current is 'topic'

  at vendor/php-amqplib/php-amqplib/PhpAmqpLib/Channel/AMQPChannel.php:239
    235▕ 
    236▕         $this->send_method_frame(array(20, 41));
    237▕         $this->do_close();
    238▕ 
  ➜ 239▕         throw new AMQPProtocolChannelException($reply_code, $reply_text, array($class_id, $method_id));
    240▕     }
    241▕ 
    242▕     /**
    243▕      * Confirm a channel close

      [2m+7 vendor frames [22m

  8   app/Console/Commands/ProductCreatedConsumer.php:36
      Illuminate\Support\Facades\Facade::__callStatic("consume")
      [2m+13 vendor frames [22m

  22  artisan:16
      Illuminate\Foundation\Application::handleCommand(Object(Symfony\Component\Console\Input\ArgvInput))

ProductCreatedConsumer is running...

   PhpAmqpLib\Exception\AMQPProtocolChannelException 

  PRECONDITION_FAILED - inequivalent arg 'type' for exchange 'amq.topic' in vhost '/': received 'fanout' but current is 'topic'

  at vendor/php-amqplib/php-amqplib/PhpAmqpLib/Channel/AMQPChannel.php:239
    235▕ 
    236▕         $this->send_method_frame(array(20, 41));
    237▕         $this->do_close();
    238▕ 
  ➜ 239▕         throw new AMQPProtocolChannelException($reply_code, $reply_text, array($class_id, $method_id));
    240▕     }
    241▕ 
    242▕     /**
    243▕      * Confirm a channel close

      [2m+7 vendor frames [22m

  8   app/Console/Commands/ProductCreatedConsumer.php:36
      Illuminate\Support\Facades\Facade::__callStatic("consume")
      [2m+13 vendor frames [22m

  22  artisan:16
      Illuminate\Foundation\Application::handleCommand(Object(Symfony\Component\Console\Input\ArgvInput))

ProductCreatedConsumer is running...

   PhpAmqpLib\Exception\AMQPProtocolChannelException 

  PRECONDITION_FAILED - inequivalent arg 'type' for exchange 'amq.topic' in vhost '/': received 'fanout' but current is 'topic'

  at vendor/php-amqplib/php-amqplib/PhpAmqpLib/Channel/AMQPChannel.php:239
    235▕ 
    236▕         $this->send_method_frame(array(20, 41));
    237▕         $this->do_close();
    238▕ 
  ➜ 239▕         throw new AMQPProtocolChannelException($reply_code, $reply_text, array($class_id, $method_id));
    240▕     }
    241▕ 
    242▕     /**
    243▕      * Confirm a channel close

      [2m+7 vendor frames [22m

  8   app/Console/Commands/ProductCreatedConsumer.php:36
      Illuminate\Support\Facades\Facade::__callStatic("consume")
      [2m+13 vendor frames [22m

  22  artisan:16
      Illuminate\Foundation\Application::handleCommand(Object(Symfony\Component\Console\Input\ArgvInput))

   INFO  Gracefully terminating connections.  

ProductCreatedConsumer is running...

   PhpAmqpLib\Exception\AMQPProtocolChannelException 

  PRECONDITION_FAILED - inequivalent arg 'type' for exchange 'amq.topic' in vhost '/': received 'fanout' but current is 'topic'

  at vendor/php-amqplib/php-amqplib/PhpAmqpLib/Channel/AMQPChannel.php:239
    235▕ 
    236▕         $this->send_method_frame(array(20, 41));
    237▕         $this->do_close();
    238▕ 
  ➜ 239▕         throw new AMQPProtocolChannelException($reply_code, $reply_text, array($class_id, $method_id));
    240▕     }
    241▕ 
    242▕     /**
    243▕      * Confirm a channel close

      [2m+7 vendor frames [22m

  8   app/Console/Commands/ProductCreatedConsumer.php:36
      Illuminate\Support\Facades\Facade::__callStatic("consume")
      [2m+13 vendor frames [22m

  22  artisan:16
      Illuminate\Foundation\Application::handleCommand(Object(Symfony\Component\Console\Input\ArgvInput))

ProductCreatedConsumer is running...

   PhpAmqpLib\Exception\AMQPProtocolChannelException 

  PRECONDITION_FAILED - inequivalent arg 'type' for exchange 'amq.topic' in vhost '/': received 'fanout' but current is 'topic'

  at vendor/php-amqplib/php-amqplib/PhpAmqpLib/Channel/AMQPChannel.php:239
    235▕ 
    236▕         $this->send_method_frame(array(20, 41));
    237▕         $this->do_close();
    238▕ 
  ➜ 239▕         throw new AMQPProtocolChannelException($reply_code, $reply_text, array($class_id, $method_id));
    240▕     }
    241▕ 
    242▕     /**
    243▕      * Confirm a channel close

      [2m+7 vendor frames [22m

  8   app/Console/Commands/ProductCreatedConsumer.php:36
      Illuminate\Support\Facades\Facade::__callStatic("consume")
      [2m+13 vendor frames [22m

  22  artisan:16
      Illuminate\Foundation\Application::handleCommand(Object(Symfony\Component\Console\Input\ArgvInput))

ProductCreatedConsumer is running...

   PhpAmqpLib\Exception\AMQPProtocolChannelException 

  PRECONDITION_FAILED - inequivalent arg 'type' for exchange 'amq.topic' in vhost '/': received 'fanout' but current is 'topic'

  at vendor/php-amqplib/php-amqplib/PhpAmqpLib/Channel/AMQPChannel.php:239
    235▕ 
    236▕         $this->send_method_frame(array(20, 41));
    237▕         $this->do_close();
    238▕ 
  ➜ 239▕         throw new AMQPProtocolChannelException($reply_code, $reply_text, array($class_id, $method_id));
    240▕     }
    241▕ 
    242▕     /**
    243▕      * Confirm a channel close

      [2m+7 vendor frames [22m

  8   app/Console/Commands/ProductCreatedConsumer.php:36
      Illuminate\Support\Facades\Facade::__callStatic("consume")
      [2m+13 vendor frames [22m

  22  artisan:16
      Illuminate\Foundation\Application::handleCommand(Object(Symfony\Component\Console\Input\ArgvInput))

ProductCreatedConsumer is running...

   PhpAmqpLib\Exception\AMQPProtocolChannelException 

  PRECONDITION_FAILED - inequivalent arg 'type' for exchange 'amq.topic' in vhost '/': received 'fanout' but current is 'topic'

  at vendor/php-amqplib/php-amqplib/PhpAmqpLib/Channel/AMQPChannel.php:239
    235▕ 
    236▕         $this->send_method_frame(array(20, 41));
    237▕         $this->do_close();
    238▕ 
  ➜ 239▕         throw new AMQPProtocolChannelException($reply_code, $reply_text, array($class_id, $method_id));
    240▕     }
    241▕ 
    242▕     /**
    243▕      * Confirm a channel close

      [2m+7 vendor frames [22m

  8   app/Console/Commands/ProductCreatedConsumer.php:36
      Illuminate\Support\Facades\Facade::__callStatic("consume")
      [2m+13 vendor frames [22m

  22  artisan:16
      Illuminate\Foundation\Application::handleCommand(Object(Symfony\Component\Console\Input\ArgvInput))

ProductCreatedConsumer is running...

   PhpAmqpLib\Exception\AMQPProtocolChannelException 

  PRECONDITION_FAILED - inequivalent arg 'type' for exchange 'amq.topic' in vhost '/': received 'fanout' but current is 'topic'

  at vendor/php-amqplib/php-amqplib/PhpAmqpLib/Channel/AMQPChannel.php:239
    235▕ 
    236▕         $this->send_method_frame(array(20, 41));
    237▕         $this->do_close();
    238▕ 
  ➜ 239▕         throw new AMQPProtocolChannelException($reply_code, $reply_text, array($class_id, $method_id));
    240▕     }
    241▕ 
    242▕     /**
    243▕      * Confirm a channel close

      [2m+7 vendor frames [22m

  8   app/Console/Commands/ProductCreatedConsumer.php:36
      Illuminate\Support\Facades\Facade::__callStatic("consume")
      [2m+13 vendor frames [22m

  22  artisan:16
      Illuminate\Foundation\Application::handleCommand(Object(Symfony\Component\Console\Input\ArgvInput))

ProductCreatedConsumer is running...

   PhpAmqpLib\Exception\AMQPProtocolChannelException 

  PRECONDITION_FAILED - inequivalent arg 'type' for exchange 'amq.topic' in vhost '/': received 'fanout' but current is 'topic'

  at vendor/php-amqplib/php-amqplib/PhpAmqpLib/Channel/AMQPChannel.php:239
    235▕ 
    236▕         $this->send_method_frame(array(20, 41));
    237▕         $this->do_close();
    238▕ 
  ➜ 239▕         throw new AMQPProtocolChannelException($reply_code, $reply_text, array($class_id, $method_id));
    240▕     }
    241▕ 
    242▕     /**
    243▕      * Confirm a channel close

      [2m+7 vendor frames [22m

  8   app/Console/Commands/ProductCreatedConsumer.php:36
      Illuminate\Support\Facades\Facade::__callStatic("consume")
      [2m+13 vendor frames [22m

  22  artisan:16
      Illuminate\Foundation\Application::handleCommand(Object(Symfony\Component\Console\Input\ArgvInput))

ProductCreatedConsumer is running...

   PhpAmqpLib\Exception\AMQPProtocolChannelException 

  PRECONDITION_FAILED - inequivalent arg 'type' for exchange 'amq.topic' in vhost '/': received 'fanout' but current is 'topic'

  at vendor/php-amqplib/php-amqplib/PhpAmqpLib/Channel/AMQPChannel.php:239
    235▕ 
    236▕         $this->send_method_frame(array(20, 41));
    237▕         $this->do_close();
    238▕ 
  ➜ 239▕         throw new AMQPProtocolChannelException($reply_code, $reply_text, array($class_id, $method_id));
    240▕     }
    241▕ 
    242▕     /**
    243▕      * Confirm a channel close

      [2m+7 vendor frames [22m

  8   app/Console/Commands/ProductCreatedConsumer.php:36
      Illuminate\Support\Facades\Facade::__callStatic("consume")
      [2m+13 vendor frames [22m

  22  artisan:16
      Illuminate\Foundation\Application::handleCommand(Object(Symfony\Component\Console\Input\ArgvInput))

ProductCreatedConsumer is running...

   PhpAmqpLib\Exception\AMQPProtocolChannelException 

  PRECONDITION_FAILED - inequivalent arg 'type' for exchange 'amq.topic' in vhost '/': received 'fanout' but current is 'topic'

  at vendor/php-amqplib/php-amqplib/PhpAmqpLib/Channel/AMQPChannel.php:239
    235▕ 
    236▕         $this->send_method_frame(array(20, 41));
    237▕         $this->do_close();
    238▕ 
  ➜ 239▕         throw new AMQPProtocolChannelException($reply_code, $reply_text, array($class_id, $method_id));
    240▕     }
    241▕ 
    242▕     /**
    243▕      * Confirm a channel close

      [2m+7 vendor frames [22m

  8   app/Console/Commands/ProductCreatedConsumer.php:36
      Illuminate\Support\Facades\Facade::__callStatic("consume")
      [2m+13 vendor frames [22m

  22  artisan:16
      Illuminate\Foundation\Application::handleCommand(Object(Symfony\Component\Console\Input\ArgvInput))

ProductCreatedConsumer is running...
ProductCreatedConsumer is running...

   PhpAmqpLib\Exception\AMQPIOException 

  stream_socket_client(): Unable to connect to tcp://rabbitmq:5672 (Connection refused)

  at vendor/php-amqplib/php-amqplib/PhpAmqpLib/Wire/IO/StreamIO.php:95
     91▕                 $context
     92▕             );
     93▕             $this->throwOnError();
     94▕         } catch (\ErrorException $e) {
  ➜  95▕             throw new AMQPIOException($e->getMessage(), $e->getCode(), $e->getPrevious());
     96▕         } finally {
     97▕             $this->restoreErrorHandler();
     98▕         }
     99▕

      [2m+7 vendor frames [22m

  8   app/Console/Commands/ProductCreatedConsumer.php:37
      Illuminate\Support\Facades\Facade::__callStatic("consume")
      [2m+13 vendor frames [22m

  22  artisan:16
      Illuminate\Foundation\Application::handleCommand(Object(Symfony\Component\Console\Input\ArgvInput))

ProductCreatedConsumer is running...

   PhpAmqpLib\Exception\AMQPIOException 

  stream_socket_client(): Unable to connect to tcp://rabbitmq:5672 (Connection refused)

  at vendor/php-amqplib/php-amqplib/PhpAmqpLib/Wire/IO/StreamIO.php:95
     91▕                 $context
     92▕             );
     93▕             $this->throwOnError();
     94▕         } catch (\ErrorException $e) {
  ➜  95▕             throw new AMQPIOException($e->getMessage(), $e->getCode(), $e->getPrevious());
     96▕         } finally {
     97▕             $this->restoreErrorHandler();
     98▕         }
     99▕

      [2m+7 vendor frames [22m

  8   app/Console/Commands/ProductCreatedConsumer.php:37
      Illuminate\Support\Facades\Facade::__callStatic("consume")
      [2m+13 vendor frames [22m

  22  artisan:16
      Illuminate\Foundation\Application::handleCommand(Object(Symfony\Component\Console\Input\ArgvInput))

ProductCreatedConsumer is running...

   PhpAmqpLib\Exception\AMQPIOException 

  stream_socket_client(): Unable to connect to tcp://rabbitmq:5672 (Connection refused)

  at vendor/php-amqplib/php-amqplib/PhpAmqpLib/Wire/IO/StreamIO.php:95
     91▕                 $context
     92▕             );
     93▕             $this->throwOnError();
     94▕         } catch (\ErrorException $e) {
  ➜  95▕             throw new AMQPIOException($e->getMessage(), $e->getCode(), $e->getPrevious());
     96▕         } finally {
     97▕             $this->restoreErrorHandler();
     98▕         }
     99▕

      [2m+7 vendor frames [22m

  8   app/Console/Commands/ProductCreatedConsumer.php:37
      Illuminate\Support\Facades\Facade::__callStatic("consume")
      [2m+13 vendor frames [22m

  22  artisan:16
      Illuminate\Foundation\Application::handleCommand(Object(Symfony\Component\Console\Input\ArgvInput))

ProductCreatedConsumer is running...

   PhpAmqpLib\Exception\AMQPIOException 

  stream_socket_client(): Unable to connect to tcp://rabbitmq:5672 (Connection refused)

  at vendor/php-amqplib/php-amqplib/PhpAmqpLib/Wire/IO/StreamIO.php:95
     91▕                 $context
     92▕             );
     93▕             $this->throwOnError();
     94▕         } catch (\ErrorException $e) {
  ➜  95▕             throw new AMQPIOException($e->getMessage(), $e->getCode(), $e->getPrevious());
     96▕         } finally {
     97▕             $this->restoreErrorHandler();
     98▕         }
     99▕

      [2m+7 vendor frames [22m

  8   app/Console/Commands/ProductCreatedConsumer.php:37
      Illuminate\Support\Facades\Facade::__callStatic("consume")
      [2m+13 vendor frames [22m

  22  artisan:16
      Illuminate\Foundation\Application::handleCommand(Object(Symfony\Component\Console\Input\ArgvInput))

ProductCreatedConsumer is running...
ProductCreatedConsumer is running...
