

   UnexpectedValueException 

  The stream or file "/var/www/order/storage/logs/laravel.log" could not be opened in append mode: Failed to open stream: Permission denied
The exception occurred while attempting to log: There are no commands defined in the "rabbit" namespace.
Context: {"exception":{}}
   UnexpectedValueException 

  The stream or file "/var/www/order/storage/logs/laravel.log" could not be opened in append mode: Failed to open stream: Permission denied
The exception occurred while attempting to log: There are no commands defined in the "rabbit" namespace.
Context: {"exception":{}}

  at vendor/monolog/monolog/src/Monolog/Handler/StreamHandler.php:156

  at vendor/monolog/monolog/src/Monolog/Handler/StreamHandler.php:156
    152▕             }
    153▕             if (!\is_resource($stream)) {
    154▕                 $this->stream = null;
    155▕ 
  ➜ 156▕                 throw new \UnexpectedValueException(sprintf('The stream or file "%s" could not be opened in append mode: '.$this->errorMessage, $url) . Utils::getRecordMessageForException($record));
    157▕             }
    158▕             stream_set_chunk_size($stream, $this->streamChunkSize);
    159▕             $this->stream = $stream;
    160▕         }

      [2m+12 vendor frames [22m

  13  artisan:16
    152▕             }
    153▕             if (!\is_resource($stream)) {
    154▕                 $this->stream = null;
    155▕ 
  ➜ 156▕                 throw new \UnexpectedValueException(sprintf('The stream or file "%s" could not be opened in append mode: '.$this->errorMessage, $url) . Utils::getRecordMessageForException($record));
    157▕             }
    158▕             stream_set_chunk_size($stream, $this->streamChunkSize);
    159▕             $this->stream = $stream;
    160▕         }

      [2m+12 vendor frames [22m

  13  artisan:16
      Illuminate\Foundation\Application::handleCommand(Object(Symfony\Component\Console\Input\ArgvInput))

      Illuminate\Foundation\Application::handleCommand(Object(Symfony\Component\Console\Input\ArgvInput))


   UnexpectedValueException 

  The stream or file "/var/www/order/storage/logs/laravel.log" could not be opened in append mode: Failed to open stream: Permission denied
The exception occurred while attempting to log: There are no commands defined in the "rabbit" namespace.
Context: {"exception":{}}

  at vendor/monolog/monolog/src/Monolog/Handler/StreamHandler.php:156
    152▕             }
    153▕             if (!\is_resource($stream)) {
    154▕                 $this->stream = null;
    155▕ 
  ➜ 156▕                 throw new \UnexpectedValueException(sprintf('The stream or file "%s" could not be opened in append mode: '.$this->errorMessage, $url) . Utils::getRecordMessageForException($record));
    157▕             }
    158▕             stream_set_chunk_size($stream, $this->streamChunkSize);
    159▕             $this->stream = $stream;
    160▕         }

      [2m+12 vendor frames [22m

  13  artisan:16
      Illuminate\Foundation\Application::handleCommand(Object(Symfony\Component\Console\Input\ArgvInput))


   UnexpectedValueException 

  The stream or file "/var/www/order/storage/logs/laravel.log" could not be opened in append mode: Failed to open stream: Permission denied
The exception occurred while attempting to log: There are no commands defined in the "rabbit" namespace.
Context: {"exception":{}}

  at vendor/monolog/monolog/src/Monolog/Handler/StreamHandler.php:156
    152▕             }
    153▕             if (!\is_resource($stream)) {
    154▕                 $this->stream = null;
    155▕ 
  ➜ 156▕                 throw new \UnexpectedValueException(sprintf('The stream or file "%s" could not be opened in append mode: '.$this->errorMessage, $url) . Utils::getRecordMessageForException($record));
    157▕             }
    158▕             stream_set_chunk_size($stream, $this->streamChunkSize);
    159▕             $this->stream = $stream;
    160▕         }

      [2m+12 vendor frames [22m

  13  artisan:16
      Illuminate\Foundation\Application::handleCommand(Object(Symfony\Component\Console\Input\ArgvInput))


   UnexpectedValueException 


   UnexpectedValueException 

  The stream or file "/var/www/order/storage/logs/laravel.log" could not be opened in append mode: Failed to open stream: Permission denied
The exception occurred while attempting to log: There are no commands defined in the "rabbit" namespace.
Context: {"exception":{}}

  The stream or file "/var/www/order/storage/logs/laravel.log" could not be opened in append mode: Failed to open stream: Permission denied
The exception occurred while attempting to log: There are no commands defined in the "rabbit" namespace.
Context: {"exception":{}}

  at vendor/monolog/monolog/src/Monolog/Handler/StreamHandler.php:156
  at vendor/monolog/monolog/src/Monolog/Handler/StreamHandler.php:156
    152▕             }
    153▕             if (!\is_resource($stream)) {
    154▕                 $this->stream = null;
    155▕ 
  ➜ 156▕                 throw new \UnexpectedValueException(sprintf('The stream or file "%s" could not be opened in append mode: '.$this->errorMessage, $url) . Utils::getRecordMessageForException($record));
    157▕             }
    158▕             stream_set_chunk_size($stream, $this->streamChunkSize);
    159▕             $this->stream = $stream;
    160▕         }

    152▕             }
    153▕             if (!\is_resource($stream)) {
    154▕                 $this->stream = null;
    155▕ 
  ➜ 156▕                 throw new \UnexpectedValueException(sprintf('The stream or file "%s" could not be opened in append mode: '.$this->errorMessage, $url) . Utils::getRecordMessageForException($record));
    157▕             }
    158▕             stream_set_chunk_size($stream, $this->streamChunkSize);
    159▕             $this->stream = $stream;
    160▕         }

      [2m+12 vendor frames [22m

      [2m+12 vendor frames [22m

  13  artisan:16
      Illuminate\Foundation\Application::handleCommand(Object(Symfony\Component\Console\Input\ArgvInput))

  13  artisan:16
      Illuminate\Foundation\Application::handleCommand(Object(Symfony\Component\Console\Input\ArgvInput))


   UnexpectedValueException 

  The stream or file "/var/www/order/storage/logs/laravel.log" could not be opened in append mode: Failed to open stream: Permission denied
The exception occurred while attempting to log: There are no commands defined in the "rabbit" namespace.
Context: {"exception":{}}

  at vendor/monolog/monolog/src/Monolog/Handler/StreamHandler.php:156
    152▕             }
    153▕             if (!\is_resource($stream)) {
    154▕                 $this->stream = null;
    155▕ 
  ➜ 156▕                 throw new \UnexpectedValueException(sprintf('The stream or file "%s" could not be opened in append mode: '.$this->errorMessage, $url) . Utils::getRecordMessageForException($record));
    157▕             }
    158▕             stream_set_chunk_size($stream, $this->streamChunkSize);
    159▕             $this->stream = $stream;
    160▕         }

      [2m+12 vendor frames [22m

  13  artisan:16
      Illuminate\Foundation\Application::handleCommand(Object(Symfony\Component\Console\Input\ArgvInput))


   UnexpectedValueException 

  The stream or file "/var/www/order/storage/logs/laravel.log" could not be opened in append mode: Failed to open stream: Permission denied
The exception occurred while attempting to log: There are no commands defined in the "rabbit" namespace.
Context: {"exception":{}}

  at vendor/monolog/monolog/src/Monolog/Handler/StreamHandler.php:156
    152▕             }
    153▕             if (!\is_resource($stream)) {
    154▕                 $this->stream = null;
    155▕ 
  ➜ 156▕                 throw new \UnexpectedValueException(sprintf('The stream or file "%s" could not be opened in append mode: '.$this->errorMessage, $url) . Utils::getRecordMessageForException($record));
    157▕             }
    158▕             stream_set_chunk_size($stream, $this->streamChunkSize);
    159▕             $this->stream = $stream;
    160▕         }

      [2m+12 vendor frames [22m

  13  artisan:16
      Illuminate\Foundation\Application::handleCommand(Object(Symfony\Component\Console\Input\ArgvInput))


   UnexpectedValueException 

  The stream or file "/var/www/order/storage/logs/laravel.log" could not be opened in append mode: Failed to open stream: Permission denied
The exception occurred while attempting to log: No arguments expected for "rabbit:consume" command, got "product-created".
Context: {"exception":{}}

   UnexpectedValueException 

  The stream or file "/var/www/order/storage/logs/laravel.log" could not be opened in append mode: Failed to open stream: Permission denied
The exception occurred while attempting to log: No arguments expected for "rabbit:consume" command, got "product-created".
Context: {"exception":{}}

  at vendor/monolog/monolog/src/Monolog/Handler/StreamHandler.php:156

  at vendor/monolog/monolog/src/Monolog/Handler/StreamHandler.php:156
    152▕             }
    153▕             if (!\is_resource($stream)) {
    154▕                 $this->stream = null;
    155▕ 
  ➜ 156▕                 throw new \UnexpectedValueException(sprintf('The stream or file "%s" could not be opened in append mode: '.$this->errorMessage, $url) . Utils::getRecordMessageForException($record));
    157▕             }
    158▕             stream_set_chunk_size($stream, $this->streamChunkSize);
    159▕             $this->stream = $stream;
    160▕         }

      [2m+12 vendor frames [22m

    152▕             }
    153▕             if (!\is_resource($stream)) {
    154▕                 $this->stream = null;
    155▕ 
  ➜ 156▕                 throw new \UnexpectedValueException(sprintf('The stream or file "%s" could not be opened in append mode: '.$this->errorMessage, $url) . Utils::getRecordMessageForException($record));
    157▕             }
    158▕             stream_set_chunk_size($stream, $this->streamChunkSize);
    159▕             $this->stream = $stream;
    160▕         }

      [2m+12 vendor frames [22m

  13  artisan:16
      Illuminate\Foundation\Application::handleCommand(Object(Symfony\Component\Console\Input\ArgvInput))

  13  artisan:16
      Illuminate\Foundation\Application::handleCommand(Object(Symfony\Component\Console\Input\ArgvInput))


   UnexpectedValueException 

  The stream or file "/var/www/order/storage/logs/laravel.log" could not be opened in append mode: Failed to open stream: Permission denied
The exception occurred while attempting to log: No arguments expected for "rabbit:consume" command, got "product-created".
Context: {"exception":{}}

  at vendor/monolog/monolog/src/Monolog/Handler/StreamHandler.php:156
    152▕             }
    153▕             if (!\is_resource($stream)) {
    154▕                 $this->stream = null;
    155▕ 
  ➜ 156▕                 throw new \UnexpectedValueException(sprintf('The stream or file "%s" could not be opened in append mode: '.$this->errorMessage, $url) . Utils::getRecordMessageForException($record));
    157▕             }
    158▕             stream_set_chunk_size($stream, $this->streamChunkSize);
    159▕             $this->stream = $stream;
    160▕         }

      [2m+12 vendor frames [22m

  13  artisan:16
      Illuminate\Foundation\Application::handleCommand(Object(Symfony\Component\Console\Input\ArgvInput))


   UnexpectedValueException 

  The stream or file "/var/www/order/storage/logs/laravel.log" could not be opened in append mode: Failed to open stream: Permission denied
The exception occurred while attempting to log: No arguments expected for "rabbit:consume" command, got "product-created".
Context: {"exception":{}}

  at vendor/monolog/monolog/src/Monolog/Handler/StreamHandler.php:156
    152▕             }
    153▕             if (!\is_resource($stream)) {
    154▕                 $this->stream = null;
    155▕ 
  ➜ 156▕                 throw new \UnexpectedValueException(sprintf('The stream or file "%s" could not be opened in append mode: '.$this->errorMessage, $url) . Utils::getRecordMessageForException($record));
    157▕             }
    158▕             stream_set_chunk_size($stream, $this->streamChunkSize);
    159▕             $this->stream = $stream;
    160▕         }

      [2m+12 vendor frames [22m

  13  artisan:16
      Illuminate\Foundation\Application::handleCommand(Object(Symfony\Component\Console\Input\ArgvInput))


   UnexpectedValueException 


   UnexpectedValueException 

  The stream or file "/var/www/order/storage/logs/laravel.log" could not be opened in append mode: Failed to open stream: Permission denied
The exception occurred while attempting to log: No arguments expected for "rabbit:consume" command, got "product-created".
Context: {"exception":{}}
  The stream or file "/var/www/order/storage/logs/laravel.log" could not be opened in append mode: Failed to open stream: Permission denied
The exception occurred while attempting to log: No arguments expected for "rabbit:consume" command, got "product-created".
Context: {"exception":{}}

  at vendor/monolog/monolog/src/Monolog/Handler/StreamHandler.php:156

  at vendor/monolog/monolog/src/Monolog/Handler/StreamHandler.php:156
    152▕             }
    153▕             if (!\is_resource($stream)) {
    154▕                 $this->stream = null;
    155▕ 
  ➜ 156▕                 throw new \UnexpectedValueException(sprintf('The stream or file "%s" could not be opened in append mode: '.$this->errorMessage, $url) . Utils::getRecordMessageForException($record));
    157▕             }
    158▕             stream_set_chunk_size($stream, $this->streamChunkSize);
    159▕             $this->stream = $stream;
    160▕         }

      [2m+12 vendor frames [22m

    152▕             }
    153▕             if (!\is_resource($stream)) {
    154▕                 $this->stream = null;
    155▕ 
  ➜ 156▕                 throw new \UnexpectedValueException(sprintf('The stream or file "%s" could not be opened in append mode: '.$this->errorMessage, $url) . Utils::getRecordMessageForException($record));
    157▕             }
    158▕             stream_set_chunk_size($stream, $this->streamChunkSize);
    159▕             $this->stream = $stream;
    160▕         }

      [2m+12 vendor frames [22m

  13  artisan:16
      Illuminate\Foundation\Application::handleCommand(Object(Symfony\Component\Console\Input\ArgvInput))

  13  artisan:16
      Illuminate\Foundation\Application::handleCommand(Object(Symfony\Component\Console\Input\ArgvInput))


   UnexpectedValueException 

  The stream or file "/var/www/order/storage/logs/laravel.log" could not be opened in append mode: Failed to open stream: Permission denied
The exception occurred while attempting to log: No arguments expected for "rabbit:consume" command, got "product-created".
Context: {"exception":{}}

  at vendor/monolog/monolog/src/Monolog/Handler/StreamHandler.php:156

   UnexpectedValueException 

  The stream or file "/var/www/order/storage/logs/laravel.log" could not be opened in append mode: Failed to open stream: Permission denied
The exception occurred while attempting to log: No arguments expected for "rabbit:consume" command, got "product-created".
Context: {"exception":{}}

  at vendor/monolog/monolog/src/Monolog/Handler/StreamHandler.php:156
    152▕             }
    153▕             if (!\is_resource($stream)) {
    154▕                 $this->stream = null;
    155▕ 
  ➜ 156▕                 throw new \UnexpectedValueException(sprintf('The stream or file "%s" could not be opened in append mode: '.$this->errorMessage, $url) . Utils::getRecordMessageForException($record));
    157▕             }
    158▕             stream_set_chunk_size($stream, $this->streamChunkSize);
    159▕             $this->stream = $stream;
    160▕         }

      [2m+12 vendor frames [22m

  13  artisan:16
      Illuminate\Foundation\Application::handleCommand(Object(Symfony\Component\Console\Input\ArgvInput))

    152▕             }
    153▕             if (!\is_resource($stream)) {
    154▕                 $this->stream = null;
    155▕ 
  ➜ 156▕                 throw new \UnexpectedValueException(sprintf('The stream or file "%s" could not be opened in append mode: '.$this->errorMessage, $url) . Utils::getRecordMessageForException($record));
    157▕             }
    158▕             stream_set_chunk_size($stream, $this->streamChunkSize);
    159▕             $this->stream = $stream;
    160▕         }

      [2m+12 vendor frames [22m

  13  artisan:16
      Illuminate\Foundation\Application::handleCommand(Object(Symfony\Component\Console\Input\ArgvInput))


   UnexpectedValueException 


   UnexpectedValueException 

  The stream or file "/var/www/order/storage/logs/laravel.log" could not be opened in append mode: Failed to open stream: Permission denied
The exception occurred while attempting to log: No arguments expected for "rabbit:consume" command, got "product-created".
Context: {"exception":{}}

  at vendor/monolog/monolog/src/Monolog/Handler/StreamHandler.php:156
  The stream or file "/var/www/order/storage/logs/laravel.log" could not be opened in append mode: Failed to open stream: Permission denied
The exception occurred while attempting to log: No arguments expected for "rabbit:consume" command, got "product-created".
Context: {"exception":{}}

  at vendor/monolog/monolog/src/Monolog/Handler/StreamHandler.php:156
    152▕             }
    153▕             if (!\is_resource($stream)) {
    154▕                 $this->stream = null;
    155▕ 
  ➜ 156▕                 throw new \UnexpectedValueException(sprintf('The stream or file "%s" could not be opened in append mode: '.$this->errorMessage, $url) . Utils::getRecordMessageForException($record));
    157▕             }
    158▕             stream_set_chunk_size($stream, $this->streamChunkSize);
    159▕             $this->stream = $stream;
    160▕         }

    152▕             }
    153▕             if (!\is_resource($stream)) {
    154▕                 $this->stream = null;
    155▕ 
  ➜ 156▕                 throw new \UnexpectedValueException(sprintf('The stream or file "%s" could not be opened in append mode: '.$this->errorMessage, $url) . Utils::getRecordMessageForException($record));
    157▕             }
    158▕             stream_set_chunk_size($stream, $this->streamChunkSize);
    159▕             $this->stream = $stream;
    160▕         }

      [2m+12 vendor frames [22m

      [2m+12 vendor frames [22m

  13  artisan:16
      Illuminate\Foundation\Application::handleCommand(Object(Symfony\Component\Console\Input\ArgvInput))

  13  artisan:16
      Illuminate\Foundation\Application::handleCommand(Object(Symfony\Component\Console\Input\ArgvInput))


   UnexpectedValueException 

  The stream or file "/var/www/order/storage/logs/laravel.log" could not be opened in append mode: Failed to open stream: Permission denied
The exception occurred while attempting to log: No arguments expected for "rabbit:consume" command, got "product-created".
Context: {"exception":{}}

  at vendor/monolog/monolog/src/Monolog/Handler/StreamHandler.php:156
    152▕             }
    153▕             if (!\is_resource($stream)) {
    154▕                 $this->stream = null;
    155▕ 
  ➜ 156▕                 throw new \UnexpectedValueException(sprintf('The stream or file "%s" could not be opened in append mode: '.$this->errorMessage, $url) . Utils::getRecordMessageForException($record));
    157▕             }
    158▕             stream_set_chunk_size($stream, $this->streamChunkSize);
    159▕             $this->stream = $stream;
    160▕         }

      [2m+12 vendor frames [22m

  13  artisan:16
      Illuminate\Foundation\Application::handleCommand(Object(Symfony\Component\Console\Input\ArgvInput))


   UnexpectedValueException 

  The stream or file "/var/www/order/storage/logs/laravel.log" could not be opened in append mode: Failed to open stream: Permission denied
The exception occurred while attempting to log: No arguments expected for "rabbit:consume" command, got "product-created".
Context: {"exception":{}}

  at vendor/monolog/monolog/src/Monolog/Handler/StreamHandler.php:156
    152▕             }
    153▕             if (!\is_resource($stream)) {
    154▕                 $this->stream = null;
    155▕ 
  ➜ 156▕                 throw new \UnexpectedValueException(sprintf('The stream or file "%s" could not be opened in append mode: '.$this->errorMessage, $url) . Utils::getRecordMessageForException($record));
    157▕             }
    158▕             stream_set_chunk_size($stream, $this->streamChunkSize);
    159▕             $this->stream = $stream;
    160▕         }

      [2m+12 vendor frames [22m

  13  artisan:16
      Illuminate\Foundation\Application::handleCommand(Object(Symfony\Component\Console\Input\ArgvInput))


   UnexpectedValueException 

  The stream or file "/var/www/order/storage/logs/laravel.log" could not be opened in append mode: Failed to open stream: Permission denied
The exception occurred while attempting to log: No arguments expected for "rabbit:consume" command, got "product-created".
Context: {"exception":{}}

  at vendor/monolog/monolog/src/Monolog/Handler/StreamHandler.php:156
    152▕             }
    153▕             if (!\is_resource($stream)) {
    154▕                 $this->stream = null;
    155▕ 
  ➜ 156▕                 throw new \UnexpectedValueException(sprintf('The stream or file "%s" could not be opened in append mode: '.$this->errorMessage, $url) . Utils::getRecordMessageForException($record));
    157▕             }
    158▕             stream_set_chunk_size($stream, $this->streamChunkSize);
    159▕             $this->stream = $stream;
    160▕         }

      [2m+12 vendor frames [22m

  13  artisan:16
      Illuminate\Foundation\Application::handleCommand(Object(Symfony\Component\Console\Input\ArgvInput))


   UnexpectedValueException 

  The stream or file "/var/www/order/storage/logs/laravel.log" could not be opened in append mode: Failed to open stream: Permission denied
The exception occurred while attempting to log: No arguments expected for "rabbit:consume" command, got "product-created".
Context: {"exception":{}}

  at vendor/monolog/monolog/src/Monolog/Handler/StreamHandler.php:156
    152▕             }
    153▕             if (!\is_resource($stream)) {
    154▕                 $this->stream = null;
    155▕ 
  ➜ 156▕                 throw new \UnexpectedValueException(sprintf('The stream or file "%s" could not be opened in append mode: '.$this->errorMessage, $url) . Utils::getRecordMessageForException($record));
    157▕             }
    158▕             stream_set_chunk_size($stream, $this->streamChunkSize);
    159▕             $this->stream = $stream;
    160▕         }

      [2m+12 vendor frames [22m

  13  artisan:16
      Illuminate\Foundation\Application::handleCommand(Object(Symfony\Component\Console\Input\ArgvInput))


   UnexpectedValueException 

  The stream or file "/var/www/order/storage/logs/laravel.log" could not be opened in append mode: Failed to open stream: Permission denied
The exception occurred while attempting to log: No arguments expected for "rabbit:consume" command, got "product-created".
Context: {"exception":{}}

  at vendor/monolog/monolog/src/Monolog/Handler/StreamHandler.php:156
    152▕             }
    153▕             if (!\is_resource($stream)) {
    154▕                 $this->stream = null;
    155▕ 
  ➜ 156▕                 throw new \UnexpectedValueException(sprintf('The stream or file "%s" could not be opened in append mode: '.$this->errorMessage, $url) . Utils::getRecordMessageForException($record));
    157▕             }
    158▕             stream_set_chunk_size($stream, $this->streamChunkSize);
    159▕             $this->stream = $stream;
    160▕         }

      [2m+12 vendor frames [22m

  13  artisan:16
      Illuminate\Foundation\Application::handleCommand(Object(Symfony\Component\Console\Input\ArgvInput))


   UnexpectedValueException 

  The stream or file "/var/www/order/storage/logs/laravel.log" could not be opened in append mode: Failed to open stream: Permission denied
The exception occurred while attempting to log: No arguments expected for "rabbit:consume" command, got "product-created".
Context: {"exception":{}}

  at vendor/monolog/monolog/src/Monolog/Handler/StreamHandler.php:156
    152▕             }
    153▕             if (!\is_resource($stream)) {
    154▕                 $this->stream = null;
    155▕ 
  ➜ 156▕                 throw new \UnexpectedValueException(sprintf('The stream or file "%s" could not be opened in append mode: '.$this->errorMessage, $url) . Utils::getRecordMessageForException($record));
    157▕             }
    158▕             stream_set_chunk_size($stream, $this->streamChunkSize);
    159▕             $this->stream = $stream;
    160▕         }

      [2m+12 vendor frames [22m

  13  artisan:16
      Illuminate\Foundation\Application::handleCommand(Object(Symfony\Component\Console\Input\ArgvInput))

